<?xml version="1.0" encoding="UTF-8"?>
<!-- Generated by org.testng.reporters.JUnitReportReporter -->
<testsuite hostname="CIPL1300QA" failures="0" tests="1" name="org.appiumautomation.ShiftBrowser.DesktopApplication.WebBrowser" time="4.442" errors="0" timestamp="2024-03-27T15:50:54 IST" skipped="0">
  <testcase classname="org.appiumautomation.ShiftBrowser.DesktopApplication.WebBrowser" name="verifyShiftBrowserDownload" time="4.442"/>
  <system-out/>
</testsuite> <!-- org.appiumautomation.ShiftBrowser.DesktopApplication.WebBrowser -->
